c:\users\drhil\source\repos\rpg\consoleapplication1\consoleapplication1\debug\vc143.pdb
c:\users\drhil\source\repos\rpg\consoleapplication1\consoleapplication1\debug\vc143.idb
c:\users\drhil\source\repos\rpg\consoleapplication1\consoleapplication1\debug\monster.obj
c:\users\drhil\source\repos\rpg\consoleapplication1\consoleapplication1\debug\inventory.obj
c:\users\drhil\source\repos\rpg\consoleapplication1\consoleapplication1\debug\charclass.obj
c:\users\drhil\source\repos\rpg\consoleapplication1\consoleapplication1\debug\rogue.obj
c:\users\drhil\source\repos\rpg\consoleapplication1\consoleapplication1\debug\mage.obj
c:\users\drhil\source\repos\rpg\consoleapplication1\consoleapplication1\debug\main.obj
c:\users\drhil\source\repos\rpg\consoleapplication1\consoleapplication1\debug\character.obj
c:\users\drhil\source\repos\rpg\consoleapplication1\debug\rpg.cpp.exe
c:\users\drhil\source\repos\rpg\consoleapplication1\consoleapplication1\debug\rpg.cpp.ilk
c:\users\drhil\source\repos\rpg\consoleapplication1\debug\rpg.cpp.pdb
c:\users\drhil\source\repos\rpg\consoleapplication1\consoleapplication1\debug\warrior.obj
c:\users\drhil\source\repos\rpg\consoleapplication1\consoleapplication1\debug\rpg.cpp.tlog\cl.command.1.tlog
c:\users\drhil\source\repos\rpg\consoleapplication1\consoleapplication1\debug\rpg.cpp.tlog\cl.items.tlog
c:\users\drhil\source\repos\rpg\consoleapplication1\consoleapplication1\debug\rpg.cpp.tlog\cl.read.1.tlog
c:\users\drhil\source\repos\rpg\consoleapplication1\consoleapplication1\debug\rpg.cpp.tlog\cl.write.1.tlog
c:\users\drhil\source\repos\rpg\consoleapplication1\consoleapplication1\debug\rpg.cpp.tlog\link.command.1.tlog
c:\users\drhil\source\repos\rpg\consoleapplication1\consoleapplication1\debug\rpg.cpp.tlog\link.read.1.tlog
c:\users\drhil\source\repos\rpg\consoleapplication1\consoleapplication1\debug\rpg.cpp.tlog\link.write.1.tlog
